<?xml version="1.0" encoding="UTF-8"?>
<!-- Generated by org.testng.reporters.JUnitReportReporter -->
<testsuite hostname="DESKTOP-8NB2QI4" failures="0" tests="5" name="login.UserRegFunct" time="56.742" errors="0" timestamp="2024-04-16T02:03:57 IST" skipped="0">
  <testcase classname="login.UserRegFunct" name="regfailsdu2invemail" time="11.243"/>
  <system-out/>
  <testcase classname="login.UserRegFunct" name="regfailsduetomincharatpswd" time="11.520"/>
  <system-out/>
  <testcase classname="login.UserRegFunct" name="splcharinnamefldregfails" time="10.523"/>
  <system-out/>
  <testcase classname="login.UserRegFunct" name="succregwithalfld" time="10.878"/>
  <system-out/>
  <testcase classname="login.UserRegFunct" name="regfailduetusralrdyexst" time="12.578"/>
  <system-out/>
</testsuite> <!-- login.UserRegFunct -->
