<?xml version="1.0" encoding="UTF-8"?>
<!-- Generated by org.testng.reporters.JUnitReportReporter -->
<testsuite hostname="DESKTOP-8NB2QI4" failures="0" tests="2" name="login.Forgetpswdfunctionality" time="12.085" errors="0" timestamp="2024-04-16T02:03:57 IST" skipped="0">
  <testcase classname="login.Forgetpswdfunctionality" name="rstpswdwithunregemail" time="5.262"/>
  <system-out/>
  <testcase classname="login.Forgetpswdfunctionality" name="rstpswdwithregemail" time="6.823"/>
  <system-out/>
</testsuite> <!-- login.Forgetpswdfunctionality -->
