<?xml version="1.0" encoding="UTF-8"?>
<!-- Generated by org.testng.reporters.JUnitReportReporter -->
<testsuite hostname="DESKTOP-8NB2QI4" failures="0" tests="1" name="login.RegistrationFunc" time="6.096" errors="0" timestamp="2024-04-15T20:29:58 IST" skipped="0">
  <testcase classname="login.RegistrationFunc" name="succsregwithallreqfild" time="6.096"/>
  <system-out/>
</testsuite> <!-- login.RegistrationFunc -->
